<?xml version="1.0" encoding="UTF-8"?>
<!-- Generated by org.testng.reporters.JUnitReportReporter -->
<testsuite hostname="LAPTOP-G9PNNS97" failures="0" tests="1" name="MINT.TestNGDemo_1" time="0.782" errors="0" timestamp="2023-09-22T19:25:46 IST" skipped="0">
  <testcase classname="MINT.TestNGDemo_1" name="login" time="0.782"/>
  <system-out/>
</testsuite> <!-- MINT.TestNGDemo_1 -->
